<?xml version="1.0" encoding="UTF-8"?>
<testsuite xmlns:xsi="http://www.w3.org/2001/XMLSchema-instance" xsi:noNamespaceSchemaLocation="https://maven.apache.org/surefire/maven-surefire-plugin/xsd/surefire-test-report-3.0.xsd" version="3.0" name="com.demo.MicroservicesDemoApplicationTests" time="24.696" tests="1" errors="0" skipped="0" failures="0">
  <properties>
[...]
</properties>
  <testcase name="contextLoads" classname="com.demo.MicroservicesDemoApplicationTests" time="1.542">
    <system-out><![CDATA[10:41:05.500 [main] INFO org.springframework.test.context.support.AnnotationConfigContextLoaderUtils -- Could not detect default configuration classes for test class [com.demo.MicroservicesDemoApplicationTests]: MicroservicesDemoApplicationTests does not declare any static, non-private, non-final, nested classes annotated with @Configuration.
10:41:05.990 [main] INFO org.springframework.boot.test.context.SpringBootTestContextBootstrapper -- Found @SpringBootConfiguration com.demo.MicroservicesDemoApplication for test class com.demo.MicroservicesDemoApplicationTests

  .   ____          _            __ _ _
 /\\ / ___'_ __ _ _(_)_ __  __ _ \ \ \ \
( ( )\___ | '_ | '_| | '_ \/ _` | \ \ \ \
 \\/  ___)| |_)| | | | | || (_| |  ) ) ) )
  '  |____| .__|_| |_|_| |_\__, | / / / /
 =========|_|==============|___/=/_/_/_/

 :: Spring Boot ::                (v3.3.4)

2025-11-28T10:41:08.139+05:30  INFO 15208 --- [microservices-demo] [           main] c.d.MicroservicesDemoApplicationTests    : Starting MicroservicesDemoApplicationTests using Java 19.0.1 with PID 15208 (started by Angadi Sreenidhi in C:\Users\Angadi Sreenidhi\eclipse-workspace\Nov_27\Microservices_demo)
2025-11-28T10:41:08.144+05:30  INFO 15208 --- [microservices-demo] [           main] c.d.MicroservicesDemoApplicationTests    : No active profile set, falling back to 1 default profile: "default"
2025-11-28T10:41:11.218+05:30  INFO 15208 --- [microservices-demo] [           main] .s.d.r.c.RepositoryConfigurationDelegate : Bootstrapping Spring Data JPA repositories in DEFAULT mode.
2025-11-28T10:41:11.832+05:30  INFO 15208 --- [microservices-demo] [           main] .s.d.r.c.RepositoryConfigurationDelegate : Finished Spring Data repository scanning in 572 ms. Found 1 JPA repository interface.
2025-11-28T10:41:12.835+05:30  INFO 15208 --- [microservices-demo] [           main] o.s.cloud.context.scope.GenericScope     : BeanFactory id=228278b0-ab4b-32ed-9e41-e5aa0b0bbb6b
2025-11-28T10:41:13.494+05:30  WARN 15208 --- [microservices-demo] [           main] trationDelegate$BeanPostProcessorChecker : Bean 'org.springframework.cloud.client.loadbalancer.LoadBalancerAutoConfiguration$DeferringLoadBalancerInterceptorConfig' of type [org.springframework.cloud.client.loadbalancer.LoadBalancerAutoConfiguration$DeferringLoadBalancerInterceptorConfig] is not eligible for getting processed by all BeanPostProcessors (for example: not eligible for auto-proxying). The currently created BeanPostProcessor [lbRestClientPostProcessor] is declared through a non-static factory method on that class; consider declaring it as static instead.
2025-11-28T10:41:13.505+05:30  WARN 15208 --- [microservices-demo] [           main] trationDelegate$BeanPostProcessorChecker : Bean 'deferringLoadBalancerInterceptor' of type [org.springframework.cloud.client.loadbalancer.DeferringLoadBalancerInterceptor] is not eligible for getting processed by all BeanPostProcessors (for example: not eligible for auto-proxying). Is this bean getting eagerly injected into a currently created BeanPostProcessor [lbRestClientPostProcessor]? Check the corresponding BeanPostProcessor declaration and its dependencies.
2025-11-28T10:41:14.186+05:30  INFO 15208 --- [microservices-demo] [           main] o.hibernate.jpa.internal.util.LogHelper  : HHH000204: Processing PersistenceUnitInfo [name: default]
2025-11-28T10:41:14.440+05:30  INFO 15208 --- [microservices-demo] [           main] org.hibernate.Version                    : HHH000412: Hibernate ORM core version 6.5.3.Final
2025-11-28T10:41:14.610+05:30  INFO 15208 --- [microservices-demo] [           main] o.h.c.internal.RegionFactoryInitiator    : HHH000026: Second-level cache disabled
2025-11-28T10:41:16.467+05:30  INFO 15208 --- [microservices-demo] [           main] o.s.o.j.p.SpringPersistenceUnitInfo      : No LoadTimeWeaver setup: ignoring JPA class transformer
2025-11-28T10:41:16.639+05:30  INFO 15208 --- [microservices-demo] [           main] com.zaxxer.hikari.HikariDataSource       : HikariPool-1 - Starting...
2025-11-28T10:41:17.754+05:30  INFO 15208 --- [microservices-demo] [           main] com.zaxxer.hikari.pool.HikariPool        : HikariPool-1 - Added connection com.mysql.cj.jdbc.ConnectionImpl@6a04d2a4
2025-11-28T10:41:17.760+05:30  INFO 15208 --- [microservices-demo] [           main] com.zaxxer.hikari.HikariDataSource       : HikariPool-1 - Start completed.
2025-11-28T10:41:17.996+05:30  WARN 15208 --- [microservices-demo] [           main] org.hibernate.orm.deprecation            : HHH90000025: MySQL8Dialect does not need to be specified explicitly using 'hibernate.dialect' (remove the property setting and it will be selected by default)
2025-11-28T10:41:18.003+05:30  WARN 15208 --- [microservices-demo] [           main] org.hibernate.orm.deprecation            : HHH90000026: MySQL8Dialect has been deprecated; use org.hibernate.dialect.MySQLDialect instead
2025-11-28T10:41:21.043+05:30  INFO 15208 --- [microservices-demo] [           main] o.h.e.t.j.p.i.JtaPlatformInitiator       : HHH000489: No JTA platform available (set 'hibernate.transaction.jta.platform' to enable JTA platform integration)
2025-11-28T10:41:21.271+05:30  INFO 15208 --- [microservices-demo] [           main] j.LocalContainerEntityManagerFactoryBean : Initialized JPA EntityManagerFactory for persistence unit 'default'
2025-11-28T10:41:22.302+05:30  INFO 15208 --- [microservices-demo] [           main] o.s.d.j.r.query.QueryEnhancerFactory     : Hibernate is in classpath; If applicable, HQL parser will be used.
2025-11-28T10:41:23.245+05:30  WARN 15208 --- [microservices-demo] [           main] JpaBaseConfiguration$JpaWebConfiguration : spring.jpa.open-in-view is enabled by default. Therefore, database queries may be performed during view rendering. Explicitly configure spring.jpa.open-in-view to disable this warning
2025-11-28T10:41:26.036+05:30  INFO 15208 --- [microservices-demo] [           main] DiscoveryClientOptionalArgsConfiguration : Eureka HTTP Client uses RestTemplate.
2025-11-28T10:41:26.197+05:30  WARN 15208 --- [microservices-demo] [           main] iguration$LoadBalancerCaffeineWarnLogger : Spring Cloud LoadBalancer is currently working with the default cache. While this cache implementation is useful for development and tests, it's recommended to use Caffeine cache in production.You can switch to using Caffeine cache, by adding it and org.springframework.cache.caffeine.CaffeineCacheManager to the classpath.
2025-11-28T10:41:26.325+05:30  INFO 15208 --- [microservices-demo] [           main] o.s.c.n.eureka.InstanceInfoFactory       : Setting initial instance status as: STARTING
2025-11-28T10:41:26.428+05:30  INFO 15208 --- [microservices-demo] [           main] com.netflix.discovery.DiscoveryClient    : Initializing Eureka in region us-east-1
2025-11-28T10:41:26.448+05:30  INFO 15208 --- [microservices-demo] [           main] c.n.d.s.r.aws.ConfigClusterResolver      : Resolving eureka endpoints via configuration
2025-11-28T10:41:26.503+05:30  INFO 15208 --- [microservices-demo] [           main] com.netflix.discovery.DiscoveryClient    : Disable delta property : false
2025-11-28T10:41:26.504+05:30  INFO 15208 --- [microservices-demo] [           main] com.netflix.discovery.DiscoveryClient    : Single vip registry refresh property : null
2025-11-28T10:41:26.504+05:30  INFO 15208 --- [microservices-demo] [           main] com.netflix.discovery.DiscoveryClient    : Force full registry fetch : false
2025-11-28T10:41:26.504+05:30  INFO 15208 --- [microservices-demo] [           main] com.netflix.discovery.DiscoveryClient    : Application is null : false
2025-11-28T10:41:26.505+05:30  INFO 15208 --- [microservices-demo] [           main] com.netflix.discovery.DiscoveryClient    : Registered Applications size is zero : true
2025-11-28T10:41:26.505+05:30  INFO 15208 --- [microservices-demo] [           main] com.netflix.discovery.DiscoveryClient    : Application version is -1: true
2025-11-28T10:41:26.508+05:30  INFO 15208 --- [microservices-demo] [           main] com.netflix.discovery.DiscoveryClient    : Getting all instance registry info from the eureka server
2025-11-28T10:41:27.688+05:30  INFO 15208 --- [microservices-demo] [           main] com.netflix.discovery.DiscoveryClient    : The response status is 200
2025-11-28T10:41:27.695+05:30  INFO 15208 --- [microservices-demo] [           main] com.netflix.discovery.DiscoveryClient    : Starting heartbeat executor: renew interval is: 30
2025-11-28T10:41:27.700+05:30  INFO 15208 --- [microservices-demo] [           main] c.n.discovery.InstanceInfoReplicator     : InstanceInfoReplicator onDemand update allowed rate per min is 4
2025-11-28T10:41:27.707+05:30  INFO 15208 --- [microservices-demo] [           main] com.netflix.discovery.DiscoveryClient    : Discovery Client initialized at timestamp 1764306687703 with initial instances count: 2
2025-11-28T10:41:27.720+05:30  INFO 15208 --- [microservices-demo] [           main] o.s.c.n.e.s.EurekaServiceRegistry        : Registering application MICROSERVICES-DEMO with eureka with status UP
2025-11-28T10:41:27.723+05:30  INFO 15208 --- [microservices-demo] [           main] com.netflix.discovery.DiscoveryClient    : Saw local status change event StatusChangeEvent [timestamp=1764306687723, current=UP, previous=STARTING]
2025-11-28T10:41:27.735+05:30  INFO 15208 --- [microservices-demo] [foReplicator-%d] com.netflix.discovery.DiscoveryClient    : DiscoveryClient_MICROSERVICES-DEMO/Sreenidhi:microservices-demo:8081: registering service...
2025-11-28T10:41:27.759+05:30  INFO 15208 --- [microservices-demo] [           main] c.d.MicroservicesDemoApplicationTests    : Started MicroservicesDemoApplicationTests in 21.054 seconds (process running for 25.467)
2025-11-28T10:41:27.902+05:30  INFO 15208 --- [microservices-demo] [foReplicator-%d] com.netflix.discovery.DiscoveryClient    : DiscoveryClient_MICROSERVICES-DEMO/Sreenidhi:microservices-demo:8081 - registration status: 204
]]></system-out>
  </testcase>
</testsuite>